0 info it worked if it ends with ok
1 verbose cli [ '/usr/local/bin/node', '/usr/local/bin/npm', 'publish' ]
2 info using npm@3.6.0
3 info using node@v5.6.0
4 verbose publish [ '.' ]
5 silly cache add args [ '.', null ]
6 verbose cache add spec .
7 silly cache add parsed spec Result {
7 silly cache add   raw: '.',
7 silly cache add   scope: null,
7 silly cache add   name: null,
7 silly cache add   rawSpec: '.',
7 silly cache add   spec: '/var/www/html/imgplay',
7 silly cache add   type: 'directory' }
8 verbose addLocalDirectory /home/saranga/.npm/imgplay/0.1.0/package.tgz not in flight; packing
9 verbose correctMkdir /home/saranga/.npm correctMkdir not in flight; initializing
10 info lifecycle imgplay@0.1.0~prepublish: imgplay@0.1.0
11 silly lifecycle imgplay@0.1.0~prepublish: no script for prepublish, continuing
12 verbose tar pack [ '/home/saranga/.npm/imgplay/0.1.0/package.tgz',
12 verbose tar pack   '/var/www/html/imgplay' ]
13 verbose tarball /home/saranga/.npm/imgplay/0.1.0/package.tgz
14 verbose folder /var/www/html/imgplay
15 verbose addLocalTarball adding from inside cache /home/saranga/.npm/imgplay/0.1.0/package.tgz
16 verbose correctMkdir /home/saranga/.npm correctMkdir not in flight; initializing
17 silly cache afterAdd imgplay@0.1.0
18 verbose afterAdd /home/saranga/.npm/imgplay/0.1.0/package/package.json not in flight; writing
19 verbose correctMkdir /home/saranga/.npm correctMkdir not in flight; initializing
20 verbose afterAdd /home/saranga/.npm/imgplay/0.1.0/package/package.json written
21 silly publish { name: 'imgplay',
21 silly publish   version: '0.1.0',
21 silly publish   description: 'Image sequence player with streaming and dynamic loading support.',
21 silly publish   keywords: [ 'image', 'img', 'player', 'play', 'jQuery', 'plugin' ],
21 silly publish   author:
21 silly publish    { name: 'Saranga Abeykoon',
21 silly publish      email: 'amisaranga@gmail.com',
21 silly publish      url: 'http://nterms.com' },
21 silly publish   bugs: { url: 'https://github.com/nterms/imgplay/issues' },
21 silly publish   readme: 'ERROR: No README data found!',
21 silly publish   license: 'MIT',
21 silly publish   devDependencies:
21 silly publish    { gulp: '^3.9.1',
21 silly publish      'gulp-eslint': '^2.0.0',
21 silly publish      'gulp-if': '^2.0.0',
21 silly publish      'gulp-rename': '^1.2.2',
21 silly publish      'gulp-sass': '^2.2.0',
21 silly publish      'gulp-uglify': '^1.5.3',
21 silly publish      yargs: '^4.3.2' },
21 silly publish   gitHead: '3a3667f9eebacada5403397e2bc167934ba0b960',
21 silly publish   _id: 'imgplay@0.1.0',
21 silly publish   scripts: {},
21 silly publish   _shasum: '26c0bc427cb1311cad59b8cfd603ddd41deca09b',
21 silly publish   _from: '.' }
22 verbose getPublishConfig undefined
23 silly mapToRegistry name imgplay
24 silly mapToRegistry using default registry
25 silly mapToRegistry registry https://registry.npmjs.org/
26 silly mapToRegistry uri https://registry.npmjs.org/imgplay
27 verbose publish registryBase https://registry.npmjs.org/
28 silly publish uploading /home/saranga/.npm/imgplay/0.1.0/package.tgz
29 verbose request uri https://registry.npmjs.org/imgplay
30 verbose request sending authorization for write operation
31 info attempt registry request try #1 at 11:54:00 AM
32 verbose request using bearer token for auth
33 verbose request id 87953b0f04df2ab7
34 http request PUT https://registry.npmjs.org/imgplay
35 http 403 https://registry.npmjs.org/imgplay
36 verbose headers { 'content-type': 'application/json',
36 verbose headers   'cache-control': 'max-age=300',
36 verbose headers   'content-length': '95',
36 verbose headers   'accept-ranges': 'bytes',
36 verbose headers   date: 'Thu, 24 Mar 2016 06:24:02 GMT',
36 verbose headers   via: '1.1 varnish',
36 verbose headers   connection: 'keep-alive',
36 verbose headers   'x-served-by': 'cache-ams4130-AMS',
36 verbose headers   'x-cache': 'MISS',
36 verbose headers   'x-cache-hits': '0',
36 verbose headers   'x-timer': 'S1458800641.078688,VS0,VE944' }
37 verbose request invalidating /home/saranga/.npm/registry.npmjs.org/imgplay on PUT
38 error publish Failed PUT 403
39 verbose stack Error: "You cannot publish over the previously published version 0.1.0." : imgplay
39 verbose stack     at makeError (/usr/local/lib/node_modules/npm/node_modules/npm-registry-client/lib/request.js:264:12)
39 verbose stack     at CachingRegistryClient.<anonymous> (/usr/local/lib/node_modules/npm/node_modules/npm-registry-client/lib/request.js:252:14)
39 verbose stack     at Request._callback (/usr/local/lib/node_modules/npm/node_modules/npm-registry-client/lib/request.js:172:14)
39 verbose stack     at Request.self.callback (/usr/local/lib/node_modules/npm/node_modules/request/request.js:199:22)
39 verbose stack     at emitTwo (events.js:100:13)
39 verbose stack     at Request.emit (events.js:185:7)
39 verbose stack     at Request.<anonymous> (/usr/local/lib/node_modules/npm/node_modules/request/request.js:1036:10)
39 verbose stack     at emitOne (events.js:95:20)
39 verbose stack     at Request.emit (events.js:182:7)
39 verbose stack     at IncomingMessage.<anonymous> (/usr/local/lib/node_modules/npm/node_modules/request/request.js:963:12)
40 verbose statusCode 403
41 verbose pkgid imgplay
42 verbose cwd /var/www/html/imgplay
43 error Linux 4.2.0-34-generic
44 error argv "/usr/local/bin/node" "/usr/local/bin/npm" "publish"
45 error node v5.6.0
46 error npm  v3.6.0
47 error code E403
48 error "You cannot publish over the previously published version 0.1.0." : imgplay
49 error If you need help, you may report this error at:
49 error     <https://github.com/npm/npm/issues>
50 verbose exit [ 1, true ]
